I0813 21:06:01.629951 21315 caffe.cpp:308] Use GPU with device ID 0
I0813 21:06:02.013104 21315 net.cpp:313] The NetState phase (0) differed from the phase (1) specified by a rule in layer data
I0813 21:06:02.013346 21315 net.cpp:313] The NetState phase (0) differed from the phase (1) specified by a rule in layer accuracy
I0813 21:06:02.013564 21315 net.cpp:49] Initializing net from parameters: 
name: "AlexNet"
state {
  phase: TRAIN
}
layer {
  name: "data"
  type: "Data"
  top: "data"
  top: "label"
  include {
    phase: TRAIN
  }
  transform_param {
    mirror: true
    crop_size: 227
    mean_file: "/home/chenyao/ilsvrc12/imagenet_mean.binaryproto"
  }
  data_param {
    source: "/home/chenyao/ilsvrc12/ilsvrc12_train_lmdb"
    batch_size: 256
    backend: LMDB
  }
}
layer {
  name: "conv1"
  type: "Convolution"
  bottom: "data"
  top: "conv1"
  param {
    lr_mult: 1
    decay_mult: 1
  }
  param {
    lr_mult: 2
    decay_mult: 0
  }
  convolution_param {
    num_output: 96
    kernel_size: 11
    stride: 4
    weight_filler {
      type: "gaussian"
      std: 0.01
    }
    bias_filler {
      type: "constant"
      value: 0
    }
  }
}
layer {
  name: "relu1"
  type: "ReLU"
  bottom: "conv1"
  top: "conv1"
}
layer {
  name: "norm1"
  type: "LRN"
  bottom: "conv1"
  top: "norm1"
  lrn_param {
    local_size: 5
    alpha: 0.0001
    beta: 0.75
  }
}
layer {
  name: "pool1"
  type: "Pooling"
  bottom: "norm1"
  top: "pool1"
  pooling_param {
    pool: MAX
    kernel_size: 3
    stride: 2
  }
}
layer {
  name: "conv2"
  type: "Convolution"
  bottom: "pool1"
  top: "conv2"
  param {
    lr_mult: 1
    decay_mult: 1
  }
  param {
    lr_mult: 2
    decay_mult: 0
  }
  convolution_param {
    num_output: 256
    pad: 2
    kernel_size: 5
    group: 2
    weight_filler {
      type: "gaussian"
      std: 0.01
    }
    bias_filler {
      type: "constant"
      value: 0.1
    }
  }
}
layer {
  name: "relu2"
  type: "ReLU"
  bottom: "conv2"
  top: "conv2"
}
layer {
  name: "norm2"
  type: "LRN"
  bottom: "conv2"
  top: "norm2"
  lrn_param {
    local_size: 5
    alpha: 0.0001
    beta: 0.75
  }
}
layer {
  name: "pool2"
  type: "Pooling"
  bottom: "norm2"
  top: "pool2"
  pooling_param {
    pool: MAX
    kernel_size: 3
    stride: 2
  }
}
layer {
  name: "conv3"
  type: "Convolution"
  bottom: "pool2"
  top: "conv3"
  param {
    lr_mult: 1
    decay_mult: 1
  }
  param {
    lr_mult: 2
    decay_mult: 0
  }
  convolution_param {
    num_output: 384
    pad: 1
    kernel_size: 3
    weight_filler {
      type: "gaussian"
      std: 0.01
    }
    bias_filler {
      type: "constant"
      value: 0
    }
  }
}
layer {
  name: "relu3"
  type: "ReLU"
  bottom: "conv3"
  top: "conv3"
}
layer {
  name: "conv4"
  type: "Convolution"
  bottom: "conv3"
  top: "conv4"
  param {
    lr_mult: 1
    decay_mult: 1
  }
  param {
    lr_mult: 2
    decay_mult: 0
  }
  convolution_param {
    num_output: 384
    pad: 1
    kernel_size: 3
    group: 2
    weight_filler {
      type: "gaussian"
      std: 0.01
    }
    bias_filler {
      type: "constant"
      value: 0.1
    }
  }
}
layer {
  name: "relu4"
  type: "ReLU"
  bottom: "conv4"
  top: "conv4"
}
layer {
  name: "conv5"
  type: "Convolution"
  bottom: "conv4"
  top: "conv5"
  param {
    lr_mult: 1
    decay_mult: 1
  }
  param {
    lr_mult: 2
    decay_mult: 0
  }
  convolution_param {
    num_output: 256
    pad: 1
    kernel_size: 3
    group: 2
    weight_filler {
      type: "gaussian"
      std: 0.01
    }
    bias_filler {
      type: "constant"
      value: 0.1
    }
  }
}
layer {
  name: "relu5"
  type: "ReLU"
  bottom: "conv5"
  top: "conv5"
}
layer {
  name: "pool5"
  type: "Pooling"
  bottom: "conv5"
  top: "pool5"
  pooling_param {
    pool: MAX
    kernel_size: 3
    stride: 2
  }
}
layer {
  name: "fc6"
  type: "InnerProduct"
  bottom: "pool5"
  top: "fc6"
  param {
    lr_mult: 1
    decay_mult: 1
  }
  param {
    lr_mult: 2
    decay_mult: 0
  }
  inner_product_param {
    num_output: 4096
    weight_filler {
      type: "gaussian"
      std: 0.005
    }
    bias_filler {
      type: "constant"
      value: 0.1
    }
  }
}
layer {
  name: "relu6"
  type: "ReLU"
  bottom: "fc6"
  top: "fc6"
}
layer {
  name: "drop6"
  type: "Dropout"
  bottom: "fc6"
  top: "fc6"
  dropout_param {
    dropout_ratio: 0.5
  }
}
layer {
  name: "fc7"
  type: "InnerProduct"
  bottom: "fc6"
  top: "fc7"
  param {
    lr_mult: 1
    decay_mult: 1
  }
  param {
    lr_mult: 2
    decay_mult: 0
  }
  inner_product_param {
    num_output: 4096
    weight_filler {
      type: "gaussian"
      std: 0.005
    }
    bias_filler {
      type: "constant"
      value: 0.1
    }
  }
}
layer {
  name: "relu7"
  type: "ReLU"
  bottom: "fc7"
  top: "fc7"
}
layer {
  name: "drop7"
  type: "Dropout"
  bottom: "fc7"
  top: "fc7"
  dropout_param {
    dropout_ratio: 0.5
  }
}
layer {
  name: "fc8"
  type: "InnerProduct"
  bottom: "fc7"
  top: "fc8"
  param {
    lr_mult: 1
    decay_mult: 1
  }
  param {
    lr_mult: 2
    decay_mult: 0
  }
  inner_product_param {
    num_output: 1000
    weight_filler {
      type: "gaussian"
      std: 0.01
    }
    bias_filler {
      type: "constant"
      value: 0
    }
  }
}
layer {
  name: "loss"
  type: "SoftmaxWithLoss"
  bottom: "fc8"
  bottom: "label"
  top: "loss"
}
I0813 21:06:02.013696 21315 layer_factory.hpp:77] Creating layer data
I0813 21:06:02.014654 21315 net.cpp:91] Creating Layer data
I0813 21:06:02.014668 21315 net.cpp:443] data -> data
I0813 21:06:02.014703 21315 net.cpp:443] data -> label
I0813 21:06:02.014734 21315 data_transformer.cpp:25] Loading mean file from: /home/chenyao/ilsvrc12/imagenet_mean.binaryproto
I0813 21:06:02.016026 21319 db_lmdb.cpp:35] Opened lmdb /home/chenyao/ilsvrc12/ilsvrc12_train_lmdb
I0813 21:06:02.028081 21315 data_layer.cpp:41] output data size: 256,3,227,227
I0813 21:06:02.313470 21315 net.cpp:141] Setting up data
I0813 21:06:02.313525 21315 net.cpp:148] Top shape: 256 3 227 227 (39574272)
I0813 21:06:02.313532 21315 net.cpp:148] Top shape: 256 (256)
I0813 21:06:02.313536 21315 net.cpp:156] Memory required for data: 158298112
I0813 21:06:02.313547 21315 layer_factory.hpp:77] Creating layer conv1
I0813 21:06:02.313581 21315 net.cpp:91] Creating Layer conv1
I0813 21:06:02.313593 21315 net.cpp:469] conv1 <- data
I0813 21:06:02.313608 21315 net.cpp:443] conv1 -> conv1
I0813 21:06:02.336185 21315 net.cpp:141] Setting up conv1
I0813 21:06:02.336205 21315 net.cpp:148] Top shape: 256 96 55 55 (74342400)
I0813 21:06:02.336208 21315 net.cpp:156] Memory required for data: 455667712
I0813 21:06:02.336226 21315 layer_factory.hpp:77] Creating layer relu1
I0813 21:06:02.336238 21315 net.cpp:91] Creating Layer relu1
I0813 21:06:02.336243 21315 net.cpp:469] relu1 <- conv1
I0813 21:06:02.336248 21315 net.cpp:430] relu1 -> conv1 (in-place)
I0813 21:06:02.336262 21315 net.cpp:141] Setting up relu1
I0813 21:06:02.336267 21315 net.cpp:148] Top shape: 256 96 55 55 (74342400)
I0813 21:06:02.336271 21315 net.cpp:156] Memory required for data: 753037312
I0813 21:06:02.336273 21315 layer_factory.hpp:77] Creating layer norm1
I0813 21:06:02.336280 21315 net.cpp:91] Creating Layer norm1
I0813 21:06:02.336284 21315 net.cpp:469] norm1 <- conv1
I0813 21:06:02.336290 21315 net.cpp:443] norm1 -> norm1
I0813 21:06:02.336323 21315 net.cpp:141] Setting up norm1
I0813 21:06:02.336329 21315 net.cpp:148] Top shape: 256 96 55 55 (74342400)
I0813 21:06:02.336333 21315 net.cpp:156] Memory required for data: 1050406912
I0813 21:06:02.336336 21315 layer_factory.hpp:77] Creating layer pool1
I0813 21:06:02.336345 21315 net.cpp:91] Creating Layer pool1
I0813 21:06:02.336349 21315 net.cpp:469] pool1 <- norm1
I0813 21:06:02.336355 21315 net.cpp:443] pool1 -> pool1
I0813 21:06:02.336387 21315 net.cpp:141] Setting up pool1
I0813 21:06:02.336395 21315 net.cpp:148] Top shape: 256 96 27 27 (17915904)
I0813 21:06:02.336398 21315 net.cpp:156] Memory required for data: 1122070528
I0813 21:06:02.336402 21315 layer_factory.hpp:77] Creating layer conv2
I0813 21:06:02.336411 21315 net.cpp:91] Creating Layer conv2
I0813 21:06:02.336416 21315 net.cpp:469] conv2 <- pool1
I0813 21:06:02.336424 21315 net.cpp:443] conv2 -> conv2
I0813 21:06:02.345248 21315 net.cpp:141] Setting up conv2
I0813 21:06:02.345278 21315 net.cpp:148] Top shape: 256 256 27 27 (47775744)
I0813 21:06:02.345283 21315 net.cpp:156] Memory required for data: 1313173504
I0813 21:06:02.345291 21315 layer_factory.hpp:77] Creating layer relu2
I0813 21:06:02.345300 21315 net.cpp:91] Creating Layer relu2
I0813 21:06:02.345305 21315 net.cpp:469] relu2 <- conv2
I0813 21:06:02.345309 21315 net.cpp:430] relu2 -> conv2 (in-place)
I0813 21:06:02.345317 21315 net.cpp:141] Setting up relu2
I0813 21:06:02.345321 21315 net.cpp:148] Top shape: 256 256 27 27 (47775744)
I0813 21:06:02.345324 21315 net.cpp:156] Memory required for data: 1504276480
I0813 21:06:02.345327 21315 layer_factory.hpp:77] Creating layer norm2
I0813 21:06:02.345335 21315 net.cpp:91] Creating Layer norm2
I0813 21:06:02.345338 21315 net.cpp:469] norm2 <- conv2
I0813 21:06:02.345343 21315 net.cpp:443] norm2 -> norm2
I0813 21:06:02.345372 21315 net.cpp:141] Setting up norm2
I0813 21:06:02.345378 21315 net.cpp:148] Top shape: 256 256 27 27 (47775744)
I0813 21:06:02.345381 21315 net.cpp:156] Memory required for data: 1695379456
I0813 21:06:02.345384 21315 layer_factory.hpp:77] Creating layer pool2
I0813 21:06:02.345393 21315 net.cpp:91] Creating Layer pool2
I0813 21:06:02.345396 21315 net.cpp:469] pool2 <- norm2
I0813 21:06:02.345402 21315 net.cpp:443] pool2 -> pool2
I0813 21:06:02.345427 21315 net.cpp:141] Setting up pool2
I0813 21:06:02.345434 21315 net.cpp:148] Top shape: 256 256 13 13 (11075584)
I0813 21:06:02.345438 21315 net.cpp:156] Memory required for data: 1739681792
I0813 21:06:02.345440 21315 layer_factory.hpp:77] Creating layer conv3
I0813 21:06:02.345449 21315 net.cpp:91] Creating Layer conv3
I0813 21:06:02.345453 21315 net.cpp:469] conv3 <- pool2
I0813 21:06:02.345459 21315 net.cpp:443] conv3 -> conv3
I0813 21:06:02.368454 21315 net.cpp:141] Setting up conv3
I0813 21:06:02.368492 21315 net.cpp:148] Top shape: 256 384 13 13 (16613376)
I0813 21:06:02.368496 21315 net.cpp:156] Memory required for data: 1806135296
I0813 21:06:02.368512 21315 layer_factory.hpp:77] Creating layer relu3
I0813 21:06:02.368525 21315 net.cpp:91] Creating Layer relu3
I0813 21:06:02.368528 21315 net.cpp:469] relu3 <- conv3
I0813 21:06:02.368536 21315 net.cpp:430] relu3 -> conv3 (in-place)
I0813 21:06:02.368546 21315 net.cpp:141] Setting up relu3
I0813 21:06:02.368551 21315 net.cpp:148] Top shape: 256 384 13 13 (16613376)
I0813 21:06:02.368554 21315 net.cpp:156] Memory required for data: 1872588800
I0813 21:06:02.368557 21315 layer_factory.hpp:77] Creating layer conv4
I0813 21:06:02.368569 21315 net.cpp:91] Creating Layer conv4
I0813 21:06:02.368573 21315 net.cpp:469] conv4 <- conv3
I0813 21:06:02.368580 21315 net.cpp:443] conv4 -> conv4
I0813 21:06:02.386626 21315 net.cpp:141] Setting up conv4
I0813 21:06:02.386656 21315 net.cpp:148] Top shape: 256 384 13 13 (16613376)
I0813 21:06:02.386660 21315 net.cpp:156] Memory required for data: 1939042304
I0813 21:06:02.386669 21315 layer_factory.hpp:77] Creating layer relu4
I0813 21:06:02.386682 21315 net.cpp:91] Creating Layer relu4
I0813 21:06:02.386687 21315 net.cpp:469] relu4 <- conv4
I0813 21:06:02.386701 21315 net.cpp:430] relu4 -> conv4 (in-place)
I0813 21:06:02.386713 21315 net.cpp:141] Setting up relu4
I0813 21:06:02.386716 21315 net.cpp:148] Top shape: 256 384 13 13 (16613376)
I0813 21:06:02.386719 21315 net.cpp:156] Memory required for data: 2005495808
I0813 21:06:02.386723 21315 layer_factory.hpp:77] Creating layer conv5
I0813 21:06:02.386736 21315 net.cpp:91] Creating Layer conv5
I0813 21:06:02.386739 21315 net.cpp:469] conv5 <- conv4
I0813 21:06:02.386745 21315 net.cpp:443] conv5 -> conv5
I0813 21:06:02.398556 21315 net.cpp:141] Setting up conv5
I0813 21:06:02.398581 21315 net.cpp:148] Top shape: 256 256 13 13 (11075584)
I0813 21:06:02.398586 21315 net.cpp:156] Memory required for data: 2049798144
I0813 21:06:02.398597 21315 layer_factory.hpp:77] Creating layer relu5
I0813 21:06:02.398609 21315 net.cpp:91] Creating Layer relu5
I0813 21:06:02.398613 21315 net.cpp:469] relu5 <- conv5
I0813 21:06:02.398627 21315 net.cpp:430] relu5 -> conv5 (in-place)
I0813 21:06:02.398643 21315 net.cpp:141] Setting up relu5
I0813 21:06:02.398648 21315 net.cpp:148] Top shape: 256 256 13 13 (11075584)
I0813 21:06:02.398650 21315 net.cpp:156] Memory required for data: 2094100480
I0813 21:06:02.398653 21315 layer_factory.hpp:77] Creating layer pool5
I0813 21:06:02.398659 21315 net.cpp:91] Creating Layer pool5
I0813 21:06:02.398663 21315 net.cpp:469] pool5 <- conv5
I0813 21:06:02.398669 21315 net.cpp:443] pool5 -> pool5
I0813 21:06:02.398700 21315 net.cpp:141] Setting up pool5
I0813 21:06:02.398710 21315 net.cpp:148] Top shape: 256 256 6 6 (2359296)
I0813 21:06:02.398713 21315 net.cpp:156] Memory required for data: 2103537664
I0813 21:06:02.398716 21315 layer_factory.hpp:77] Creating layer fc6
I0813 21:06:02.398736 21315 net.cpp:91] Creating Layer fc6
I0813 21:06:02.398739 21315 net.cpp:469] fc6 <- pool5
I0813 21:06:02.398746 21315 net.cpp:443] fc6 -> fc6
I0813 21:06:03.421037 21315 net.cpp:141] Setting up fc6
I0813 21:06:03.421128 21315 net.cpp:148] Top shape: 256 4096 (1048576)
I0813 21:06:03.421139 21315 net.cpp:156] Memory required for data: 2107731968
I0813 21:06:03.421166 21315 layer_factory.hpp:77] Creating layer relu6
I0813 21:06:03.421196 21315 net.cpp:91] Creating Layer relu6
I0813 21:06:03.421216 21315 net.cpp:469] relu6 <- fc6
I0813 21:06:03.421224 21315 net.cpp:430] relu6 -> fc6 (in-place)
I0813 21:06:03.421236 21315 net.cpp:141] Setting up relu6
I0813 21:06:03.421241 21315 net.cpp:148] Top shape: 256 4096 (1048576)
I0813 21:06:03.421244 21315 net.cpp:156] Memory required for data: 2111926272
I0813 21:06:03.421247 21315 layer_factory.hpp:77] Creating layer drop6
I0813 21:06:03.421263 21315 net.cpp:91] Creating Layer drop6
I0813 21:06:03.421268 21315 net.cpp:469] drop6 <- fc6
I0813 21:06:03.421272 21315 net.cpp:430] drop6 -> fc6 (in-place)
I0813 21:06:03.421315 21315 net.cpp:141] Setting up drop6
I0813 21:06:03.421326 21315 net.cpp:148] Top shape: 256 4096 (1048576)
I0813 21:06:03.421330 21315 net.cpp:156] Memory required for data: 2116120576
I0813 21:06:03.421334 21315 layer_factory.hpp:77] Creating layer fc7
I0813 21:06:03.421346 21315 net.cpp:91] Creating Layer fc7
I0813 21:06:03.421350 21315 net.cpp:469] fc7 <- fc6
I0813 21:06:03.421358 21315 net.cpp:443] fc7 -> fc7
I0813 21:06:03.854861 21315 net.cpp:141] Setting up fc7
I0813 21:06:03.854941 21315 net.cpp:148] Top shape: 256 4096 (1048576)
I0813 21:06:03.854948 21315 net.cpp:156] Memory required for data: 2120314880
I0813 21:06:03.854969 21315 layer_factory.hpp:77] Creating layer relu7
I0813 21:06:03.854985 21315 net.cpp:91] Creating Layer relu7
I0813 21:06:03.854992 21315 net.cpp:469] relu7 <- fc7
I0813 21:06:03.855001 21315 net.cpp:430] relu7 -> fc7 (in-place)
I0813 21:06:03.855013 21315 net.cpp:141] Setting up relu7
I0813 21:06:03.855018 21315 net.cpp:148] Top shape: 256 4096 (1048576)
I0813 21:06:03.855022 21315 net.cpp:156] Memory required for data: 2124509184
I0813 21:06:03.855038 21315 layer_factory.hpp:77] Creating layer drop7
I0813 21:06:03.855047 21315 net.cpp:91] Creating Layer drop7
I0813 21:06:03.855051 21315 net.cpp:469] drop7 <- fc7
I0813 21:06:03.855057 21315 net.cpp:430] drop7 -> fc7 (in-place)
I0813 21:06:03.855075 21315 net.cpp:141] Setting up drop7
I0813 21:06:03.855082 21315 net.cpp:148] Top shape: 256 4096 (1048576)
I0813 21:06:03.855085 21315 net.cpp:156] Memory required for data: 2128703488
I0813 21:06:03.855088 21315 layer_factory.hpp:77] Creating layer fc8
I0813 21:06:03.855105 21315 net.cpp:91] Creating Layer fc8
I0813 21:06:03.855109 21315 net.cpp:469] fc8 <- fc7
I0813 21:06:03.855116 21315 net.cpp:443] fc8 -> fc8
I0813 21:06:03.960240 21315 net.cpp:141] Setting up fc8
I0813 21:06:03.960299 21315 net.cpp:148] Top shape: 256 1000 (256000)
I0813 21:06:03.960304 21315 net.cpp:156] Memory required for data: 2129727488
I0813 21:06:03.960314 21315 layer_factory.hpp:77] Creating layer loss
I0813 21:06:03.960338 21315 net.cpp:91] Creating Layer loss
I0813 21:06:03.960345 21315 net.cpp:469] loss <- fc8
I0813 21:06:03.960352 21315 net.cpp:469] loss <- label
I0813 21:06:03.960387 21315 net.cpp:443] loss -> loss
I0813 21:06:03.960422 21315 layer_factory.hpp:77] Creating layer loss
I0813 21:06:03.961429 21315 net.cpp:141] Setting up loss
I0813 21:06:03.961446 21315 net.cpp:148] Top shape: (1)
I0813 21:06:03.961449 21315 net.cpp:151]     with loss weight 1
I0813 21:06:03.961513 21315 net.cpp:156] Memory required for data: 2129727492
I0813 21:06:03.961518 21315 net.cpp:217] loss needs backward computation.
I0813 21:06:03.961521 21315 net.cpp:217] fc8 needs backward computation.
I0813 21:06:03.961525 21315 net.cpp:217] drop7 needs backward computation.
I0813 21:06:03.961529 21315 net.cpp:217] relu7 needs backward computation.
I0813 21:06:03.961532 21315 net.cpp:217] fc7 needs backward computation.
I0813 21:06:03.961535 21315 net.cpp:217] drop6 needs backward computation.
I0813 21:06:03.961539 21315 net.cpp:217] relu6 needs backward computation.
I0813 21:06:03.961542 21315 net.cpp:217] fc6 needs backward computation.
I0813 21:06:03.961547 21315 net.cpp:217] pool5 needs backward computation.
I0813 21:06:03.961551 21315 net.cpp:217] relu5 needs backward computation.
I0813 21:06:03.961558 21315 net.cpp:217] conv5 needs backward computation.
I0813 21:06:03.961562 21315 net.cpp:217] relu4 needs backward computation.
I0813 21:06:03.961570 21315 net.cpp:217] conv4 needs backward computation.
I0813 21:06:03.961573 21315 net.cpp:217] relu3 needs backward computation.
I0813 21:06:03.961576 21315 net.cpp:217] conv3 needs backward computation.
I0813 21:06:03.961587 21315 net.cpp:217] pool2 needs backward computation.
I0813 21:06:03.961598 21315 net.cpp:217] norm2 needs backward computation.
I0813 21:06:03.961606 21315 net.cpp:217] relu2 needs backward computation.
I0813 21:06:03.961608 21315 net.cpp:217] conv2 needs backward computation.
I0813 21:06:03.961612 21315 net.cpp:217] pool1 needs backward computation.
I0813 21:06:03.961616 21315 net.cpp:217] norm1 needs backward computation.
I0813 21:06:03.961621 21315 net.cpp:217] relu1 needs backward computation.
I0813 21:06:03.961624 21315 net.cpp:217] conv1 needs backward computation.
I0813 21:06:03.961629 21315 net.cpp:219] data does not need backward computation.
I0813 21:06:03.961633 21315 net.cpp:261] This network produces output loss
I0813 21:06:03.961648 21315 net.cpp:274] Network initialization done.
I0813 21:06:03.961800 21315 caffe.cpp:320] Performing Forward
I0813 21:06:04.661679 21315 caffe.cpp:325] Initial loss: 6.92021
I0813 21:06:04.661723 21315 caffe.cpp:326] Performing Backward
I0813 21:06:05.349800 21315 caffe.cpp:334] *** Benchmark begins ***
I0813 21:06:05.349838 21315 caffe.cpp:335] Testing for 50 iterations.
I0813 21:06:06.942172 21315 caffe.cpp:363] Iteration: 1 forward-backward time: 1382.75 ms.
I0813 21:06:08.327554 21315 caffe.cpp:363] Iteration: 2 forward-backward time: 1385.3 ms.
I0813 21:06:09.713762 21315 caffe.cpp:363] Iteration: 3 forward-backward time: 1386.14 ms.
I0813 21:06:11.094908 21315 caffe.cpp:363] Iteration: 4 forward-backward time: 1381.09 ms.
I0813 21:06:12.476928 21315 caffe.cpp:363] Iteration: 5 forward-backward time: 1381.95 ms.
I0813 21:06:13.859843 21315 caffe.cpp:363] Iteration: 6 forward-backward time: 1382.85 ms.
I0813 21:06:15.242244 21315 caffe.cpp:363] Iteration: 7 forward-backward time: 1382.34 ms.
I0813 21:06:16.628733 21315 caffe.cpp:363] Iteration: 8 forward-backward time: 1386.43 ms.
I0813 21:06:18.011909 21315 caffe.cpp:363] Iteration: 9 forward-backward time: 1383.1 ms.
I0813 21:06:19.394729 21315 caffe.cpp:363] Iteration: 10 forward-backward time: 1382.76 ms.
I0813 21:06:20.778673 21315 caffe.cpp:363] Iteration: 11 forward-backward time: 1383.89 ms.
I0813 21:06:22.165218 21315 caffe.cpp:363] Iteration: 12 forward-backward time: 1386.49 ms.
I0813 21:06:23.548146 21315 caffe.cpp:363] Iteration: 13 forward-backward time: 1382.85 ms.
I0813 21:06:24.937446 21315 caffe.cpp:363] Iteration: 14 forward-backward time: 1389.24 ms.
I0813 21:06:26.320998 21315 caffe.cpp:363] Iteration: 15 forward-backward time: 1383.48 ms.
I0813 21:06:27.704916 21315 caffe.cpp:363] Iteration: 16 forward-backward time: 1383.86 ms.
I0813 21:06:29.094854 21315 caffe.cpp:363] Iteration: 17 forward-backward time: 1389.86 ms.
I0813 21:06:30.478251 21315 caffe.cpp:363] Iteration: 18 forward-backward time: 1383.33 ms.
I0813 21:06:31.862536 21315 caffe.cpp:363] Iteration: 19 forward-backward time: 1384.24 ms.
I0813 21:06:33.247769 21315 caffe.cpp:363] Iteration: 20 forward-backward time: 1384.89 ms.
I0813 21:06:34.632283 21315 caffe.cpp:363] Iteration: 21 forward-backward time: 1384.45 ms.
I0813 21:06:36.018456 21315 caffe.cpp:363] Iteration: 22 forward-backward time: 1386.11 ms.
I0813 21:06:37.403604 21315 caffe.cpp:363] Iteration: 23 forward-backward time: 1385.08 ms.
I0813 21:06:38.787392 21315 caffe.cpp:363] Iteration: 24 forward-backward time: 1383.71 ms.
I0813 21:06:40.172652 21315 caffe.cpp:363] Iteration: 25 forward-backward time: 1385.19 ms.
I0813 21:06:41.560576 21315 caffe.cpp:363] Iteration: 26 forward-backward time: 1387.85 ms.
I0813 21:06:42.946596 21315 caffe.cpp:363] Iteration: 27 forward-backward time: 1385.94 ms.
I0813 21:06:44.332439 21315 caffe.cpp:363] Iteration: 28 forward-backward time: 1385.77 ms.
I0813 21:06:45.716783 21315 caffe.cpp:363] Iteration: 29 forward-backward time: 1384.28 ms.
I0813 21:06:47.102180 21315 caffe.cpp:363] Iteration: 30 forward-backward time: 1385.33 ms.
I0813 21:06:48.488679 21315 caffe.cpp:363] Iteration: 31 forward-backward time: 1386.43 ms.
I0813 21:06:49.875079 21315 caffe.cpp:363] Iteration: 32 forward-backward time: 1386.33 ms.
I0813 21:06:51.261593 21315 caffe.cpp:363] Iteration: 33 forward-backward time: 1386.44 ms.
I0813 21:06:52.645262 21315 caffe.cpp:363] Iteration: 34 forward-backward time: 1383.6 ms.
I0813 21:06:54.030236 21315 caffe.cpp:363] Iteration: 35 forward-backward time: 1384.9 ms.
I0813 21:06:55.417335 21315 caffe.cpp:363] Iteration: 36 forward-backward time: 1387.03 ms.
I0813 21:06:56.802721 21315 caffe.cpp:363] Iteration: 37 forward-backward time: 1385.32 ms.
I0813 21:06:58.189556 21315 caffe.cpp:363] Iteration: 38 forward-backward time: 1386.77 ms.
I0813 21:06:59.575657 21315 caffe.cpp:363] Iteration: 39 forward-backward time: 1386.03 ms.
I0813 21:07:00.960642 21315 caffe.cpp:363] Iteration: 40 forward-backward time: 1384.91 ms.
I0813 21:07:02.348434 21315 caffe.cpp:363] Iteration: 41 forward-backward time: 1387.72 ms.
I0813 21:07:03.735855 21315 caffe.cpp:363] Iteration: 42 forward-backward time: 1387.14 ms.
I0813 21:07:05.121134 21315 caffe.cpp:363] Iteration: 43 forward-backward time: 1385.21 ms.
I0813 21:07:06.506903 21315 caffe.cpp:363] Iteration: 44 forward-backward time: 1385.7 ms.
I0813 21:07:07.895473 21315 caffe.cpp:363] Iteration: 45 forward-backward time: 1388.5 ms.
I0813 21:07:09.283119 21315 caffe.cpp:363] Iteration: 46 forward-backward time: 1387.58 ms.
I0813 21:07:10.670912 21315 caffe.cpp:363] Iteration: 47 forward-backward time: 1387.72 ms.
I0813 21:07:12.057225 21315 caffe.cpp:363] Iteration: 48 forward-backward time: 1386.25 ms.
I0813 21:07:13.443955 21315 caffe.cpp:363] Iteration: 49 forward-backward time: 1386.66 ms.
I0813 21:07:14.830426 21315 caffe.cpp:363] Iteration: 50 forward-backward time: 1386.4 ms.
I0813 21:07:14.830468 21315 caffe.cpp:366] Average time per layer: 
I0813 21:07:14.830473 21315 caffe.cpp:369]       data	forward: 1.6762 ms.
I0813 21:07:14.830519 21315 caffe.cpp:372]       data	backward: 0.00256704 ms.
I0813 21:07:14.830524 21315 caffe.cpp:369]      conv1	forward: 74.7139 ms.
I0813 21:07:14.830529 21315 caffe.cpp:372]      conv1	backward: 132.748 ms.
I0813 21:07:14.830533 21315 caffe.cpp:369]      relu1	forward: 3.4175 ms.
I0813 21:07:14.830538 21315 caffe.cpp:372]      relu1	backward: 5.01339 ms.
I0813 21:07:14.830541 21315 caffe.cpp:369]      norm1	forward: 11.9846 ms.
I0813 21:07:14.830545 21315 caffe.cpp:372]      norm1	backward: 18.712 ms.
I0813 21:07:14.830549 21315 caffe.cpp:369]      pool1	forward: 5.21262 ms.
I0813 21:07:14.830554 21315 caffe.cpp:372]      pool1	backward: 20.6299 ms.
I0813 21:07:14.830557 21315 caffe.cpp:369]      conv2	forward: 105.251 ms.
I0813 21:07:14.830560 21315 caffe.cpp:372]      conv2	backward: 245.106 ms.
I0813 21:07:14.830570 21315 caffe.cpp:369]      relu2	forward: 2.20082 ms.
I0813 21:07:14.830576 21315 caffe.cpp:372]      relu2	backward: 3.26301 ms.
I0813 21:07:14.830579 21315 caffe.cpp:369]      norm2	forward: 8.54305 ms.
I0813 21:07:14.830584 21315 caffe.cpp:372]      norm2	backward: 13.3848 ms.
I0813 21:07:14.830586 21315 caffe.cpp:369]      pool2	forward: 3.73957 ms.
I0813 21:07:14.830590 21315 caffe.cpp:372]      pool2	backward: 13.387 ms.
I0813 21:07:14.830593 21315 caffe.cpp:369]      conv3	forward: 86.9417 ms.
I0813 21:07:14.830596 21315 caffe.cpp:372]      conv3	backward: 126.43 ms.
I0813 21:07:14.830600 21315 caffe.cpp:369]      relu3	forward: 0.766393 ms.
I0813 21:07:14.830605 21315 caffe.cpp:372]      relu3	backward: 1.12594 ms.
I0813 21:07:14.830607 21315 caffe.cpp:369]      conv4	forward: 91.482 ms.
I0813 21:07:14.830610 21315 caffe.cpp:372]      conv4	backward: 147.525 ms.
I0813 21:07:14.830615 21315 caffe.cpp:369]      relu4	forward: 0.764825 ms.
I0813 21:07:14.830617 21315 caffe.cpp:372]      relu4	backward: 1.13366 ms.
I0813 21:07:14.830621 21315 caffe.cpp:369]      conv5	forward: 90.9914 ms.
I0813 21:07:14.830624 21315 caffe.cpp:372]      conv5	backward: 120.599 ms.
I0813 21:07:14.830627 21315 caffe.cpp:369]      relu5	forward: 0.516486 ms.
I0813 21:07:14.830631 21315 caffe.cpp:372]      relu5	backward: 0.750545 ms.
I0813 21:07:14.830634 21315 caffe.cpp:369]      pool5	forward: 0.88442 ms.
I0813 21:07:14.830638 21315 caffe.cpp:372]      pool5	backward: 3.11751 ms.
I0813 21:07:14.830641 21315 caffe.cpp:369]        fc6	forward: 10.6291 ms.
I0813 21:07:14.830644 21315 caffe.cpp:372]        fc6	backward: 13.9487 ms.
I0813 21:07:14.830648 21315 caffe.cpp:369]      relu6	forward: 0.0568813 ms.
I0813 21:07:14.830652 21315 caffe.cpp:372]      relu6	backward: 0.0788397 ms.
I0813 21:07:14.830655 21315 caffe.cpp:369]      drop6	forward: 0.148911 ms.
I0813 21:07:14.830658 21315 caffe.cpp:372]      drop6	backward: 0.0789504 ms.
I0813 21:07:14.830662 21315 caffe.cpp:369]        fc7	forward: 4.77174 ms.
I0813 21:07:14.830665 21315 caffe.cpp:372]        fc7	backward: 7.33832 ms.
I0813 21:07:14.830668 21315 caffe.cpp:369]      relu7	forward: 0.0572698 ms.
I0813 21:07:14.830672 21315 caffe.cpp:372]      relu7	backward: 0.081568 ms.
I0813 21:07:14.830675 21315 caffe.cpp:369]      drop7	forward: 0.134273 ms.
I0813 21:07:14.830687 21315 caffe.cpp:372]      drop7	backward: 0.0826931 ms.
I0813 21:07:14.830691 21315 caffe.cpp:369]        fc8	forward: 1.3488 ms.
I0813 21:07:14.830694 21315 caffe.cpp:372]        fc8	backward: 2.0699 ms.
I0813 21:07:14.830698 21315 caffe.cpp:369]       loss	forward: 1.6427 ms.
I0813 21:07:14.830701 21315 caffe.cpp:372]       loss	backward: 0.0463123 ms.
I0813 21:07:14.830718 21315 caffe.cpp:377] Average Forward pass: 508.391 ms.
I0813 21:07:14.830723 21315 caffe.cpp:379] Average Backward pass: 876.932 ms.
I0813 21:07:14.830727 21315 caffe.cpp:381] Average Forward-Backward: 1385.44 ms.
I0813 21:07:14.830734 21315 caffe.cpp:383] Total Time: 69271.8 ms.
I0813 21:07:14.830737 21315 caffe.cpp:384] *** Benchmark ends ***
